2025-01-26 00:34:52,038 - main - INFO - Logger 'main' initialized with level 20
2025-01-26 00:34:52,039 - main - INFO - Starting CasNet application
2025-01-26 00:34:52,042 - main - INFO - Configuration loaded successfully
2025-01-26 00:34:52,045 - main - INFO - Directory structure created
2025-01-26 00:34:52,049 - main - INFO - Data preprocessor initialized
2025-01-26 00:39:31,438 - main - INFO - Logger 'main' initialized with level 20
2025-01-26 00:39:31,438 - main - INFO - Starting CasNet application
2025-01-26 00:39:31,442 - main - INFO - Configuration loaded successfully
2025-01-26 00:39:31,446 - main - INFO - Directory structure created
2025-01-26 00:39:31,450 - main - INFO - Data preprocessor initialized
2025-01-26 00:46:04,549 - main - INFO - Logger 'main' initialized with level 20
2025-01-26 00:46:04,550 - main - INFO - Starting CasNet application
2025-01-26 00:46:04,554 - main - INFO - Configuration loaded successfully
2025-01-26 00:46:04,558 - main - INFO - Directory structure created
2025-01-26 00:46:04,563 - main - INFO - Data preprocessor initialized
2025-01-26 00:46:34,556 - main - INFO - Logger 'main' initialized with level 20
2025-01-26 00:46:34,557 - main - INFO - Starting CasNet application
2025-01-26 00:46:34,560 - main - INFO - Configuration loaded successfully
2025-01-26 00:46:34,563 - main - INFO - Directory structure created
2025-01-26 00:46:34,567 - main - INFO - Data preprocessor initialized
2025-01-27 09:39:45,212 - main - INFO - Logger 'main' initialized with level 20
2025-01-27 09:39:45,213 - main - INFO - Starting CasNet application
2025-01-27 09:39:45,217 - main - INFO - Configuration loaded successfully
2025-01-27 09:39:45,222 - main - INFO - Directory structure created
2025-01-27 09:39:45,226 - main - INFO - Data preprocessor initialized
2025-01-27 09:40:16,838 - main - INFO - Logger 'main' initialized with level 20
2025-01-27 09:40:16,838 - main - INFO - Starting CasNet application
2025-01-27 09:40:16,842 - main - INFO - Configuration loaded successfully
2025-01-27 09:40:16,846 - main - INFO - Directory structure created
2025-01-27 09:40:16,851 - main - INFO - Data preprocessor initialized
2025-01-27 09:40:39,687 - main - INFO - Logger 'main' initialized with level 20
2025-01-27 09:40:39,687 - main - INFO - Starting CasNet application
2025-01-27 09:40:39,691 - main - INFO - Configuration loaded successfully
2025-01-27 09:40:39,695 - main - INFO - Directory structure created
2025-01-27 09:40:39,700 - main - INFO - Data preprocessor initialized
2025-01-27 09:40:40,017 - main - INFO - Data prepared - Train shape: torch.Size([44155, 13]), Test shape: torch.Size([11039, 13])
2025-01-27 09:40:40,024 - main - INFO - Scaler saved successfully
2025-01-27 10:02:24,329 - main - INFO - Logger 'main' initialized with level 20
2025-01-27 10:02:24,330 - main - INFO - Starting CasNet application
2025-01-27 10:02:24,334 - main - INFO - Configuration loaded successfully
2025-01-27 10:02:24,338 - main - INFO - Directory structure created
2025-01-27 10:02:24,343 - main - INFO - Data preprocessor initialized
2025-01-27 10:02:24,639 - main - INFO - Data prepared - Train shape: torch.Size([44155, 13]), Test shape: torch.Size([11039, 13])
2025-01-27 10:02:24,647 - main - INFO - Scaler saved successfully
2025-01-27 10:02:25,024 - main - INFO - Data loaders created successfully
2025-01-27 10:02:26,411 - main - INFO - Model initialized
2025-01-27 10:02:26,414 - main - INFO - Checkpoint manager and visualizer initialized
2025-01-27 10:03:43,845 - main - INFO - Logger 'main' initialized with level 20
2025-01-27 10:03:43,846 - main - INFO - Starting CasNet application
2025-01-27 10:03:43,850 - main - INFO - Configuration loaded successfully
2025-01-27 10:03:43,854 - main - INFO - Directory structure created
2025-01-27 10:03:43,859 - main - INFO - Data preprocessor initialized
2025-01-27 10:03:44,153 - main - INFO - Data prepared - Train shape: torch.Size([44155, 13]), Test shape: torch.Size([11039, 13])
2025-01-27 10:03:44,157 - main - INFO - Scaler saved successfully
2025-01-27 10:03:44,414 - main - INFO - Data loaders created successfully
2025-01-27 10:03:44,978 - main - INFO - Model initialized
2025-01-27 10:03:44,981 - main - INFO - Checkpoint manager and visualizer initialized
2025-01-27 10:03:46,142 - main - INFO - Trainer initialized
2025-01-27 10:03:46,143 - main - INFO - Zero-trust controller initialized
2025-01-27 10:04:42,354 - main - INFO - Logger 'main' initialized with level 20
2025-01-27 10:04:42,355 - main - INFO - Starting CasNet application
2025-01-27 10:04:42,360 - main - INFO - Configuration loaded successfully
2025-01-27 10:04:42,365 - main - INFO - Directory structure created
2025-01-27 10:04:42,369 - main - INFO - Data preprocessor initialized
2025-01-27 10:04:42,652 - main - INFO - Data prepared - Train shape: torch.Size([44155, 13]), Test shape: torch.Size([11039, 13])
2025-01-27 10:04:42,656 - main - INFO - Scaler saved successfully
2025-01-27 10:04:42,899 - main - INFO - Data loaders created successfully
2025-01-27 10:04:43,456 - main - INFO - Model initialized
2025-01-27 10:04:43,458 - main - INFO - Checkpoint manager and visualizer initialized
2025-01-27 10:04:44,167 - main - INFO - Trainer initialized
2025-01-27 10:04:44,168 - main - INFO - Zero-trust controller initialized
2025-01-27 10:04:44,171 - main - INFO - Starting training...
2025-01-27 10:14:22,452 - main - INFO - Logger 'main' initialized with level 20
2025-01-27 10:14:22,452 - main - INFO - Starting CasNet application
2025-01-27 10:14:22,456 - main - INFO - Configuration loaded successfully
2025-01-27 10:14:22,459 - main - INFO - Directory structure created
2025-01-27 10:14:22,464 - main - INFO - Data preprocessor initialized
2025-01-27 10:14:22,753 - main - INFO - Data prepared - Train shape: torch.Size([44155, 13]), Test shape: torch.Size([11039, 13])
2025-01-27 10:14:22,758 - main - INFO - Scaler saved successfully
2025-01-27 10:14:22,812 - main - INFO - Data loaders created successfully
2025-01-27 10:14:23,371 - main - INFO - Model initialized
2025-01-27 10:14:23,373 - main - INFO - Checkpoint manager and visualizer initialized
2025-01-27 10:14:24,014 - main - INFO - Trainer initialized
2025-01-27 10:14:24,015 - main - INFO - Zero-trust controller initialized
2025-01-27 10:14:24,017 - main - INFO - Starting training...
2025-01-27 10:15:08,903 - main - INFO - Logger 'main' initialized with level 20
2025-01-27 10:15:08,903 - main - INFO - Starting CasNet application
2025-01-27 10:15:08,907 - main - INFO - Configuration loaded successfully
2025-01-27 10:15:08,911 - main - INFO - Directory structure created
2025-01-27 10:15:08,915 - main - INFO - Data preprocessor initialized
2025-01-27 10:15:09,204 - main - INFO - Data prepared - Train shape: torch.Size([44155, 13]), Test shape: torch.Size([11039, 13])
2025-01-27 10:15:09,210 - main - INFO - Scaler saved successfully
2025-01-27 10:15:09,275 - main - INFO - Data loaders created successfully
2025-01-27 10:15:09,821 - main - INFO - Model initialized
2025-01-27 10:15:09,823 - main - INFO - Checkpoint manager and visualizer initialized
2025-01-27 10:15:10,453 - main - INFO - Trainer initialized
2025-01-27 10:15:10,454 - main - INFO - Zero-trust controller initialized
2025-01-27 10:15:10,458 - main - INFO - Starting training...
2025-01-27 10:15:47,942 - main - INFO - Logger 'main' initialized with level 20
2025-01-27 10:15:47,943 - main - INFO - Starting CasNet application
2025-01-27 10:15:47,946 - main - INFO - Configuration loaded successfully
2025-01-27 10:15:47,951 - main - INFO - Directory structure created
2025-01-27 10:15:47,956 - main - INFO - Data preprocessor initialized
2025-01-27 10:15:48,237 - main - INFO - Data prepared - Train shape: torch.Size([44155, 13]), Test shape: torch.Size([11039, 13])
2025-01-27 10:15:48,241 - main - INFO - Scaler saved successfully
2025-01-27 10:15:48,291 - main - INFO - Data loaders created successfully
2025-01-27 10:15:48,307 - main - INFO - Model initialized
2025-01-27 10:15:48,308 - main - INFO - Checkpoint manager and visualizer initialized
2025-01-27 10:15:49,177 - main - INFO - Trainer initialized
2025-01-27 10:15:49,178 - main - INFO - Zero-trust controller initialized
2025-01-27 10:15:49,182 - main - INFO - Starting training...
2025-01-27 10:16:44,553 - main - INFO - Logger 'main' initialized with level 20
2025-01-27 10:16:44,553 - main - INFO - Starting CasNet application
2025-01-27 10:16:44,557 - main - INFO - Configuration loaded successfully
2025-01-27 10:16:44,562 - main - INFO - Directory structure created
2025-01-27 10:16:44,566 - main - INFO - Data preprocessor initialized
2025-01-27 10:16:44,882 - main - INFO - Data prepared - Train shape: torch.Size([44155, 13]), Test shape: torch.Size([11039, 13])
2025-01-27 10:16:44,887 - main - INFO - Scaler saved successfully
2025-01-27 10:16:44,945 - main - INFO - Data loaders created successfully
2025-01-27 10:16:44,961 - main - INFO - Model initialized
2025-01-27 10:16:44,963 - main - INFO - Checkpoint manager and visualizer initialized
2025-01-27 10:16:45,908 - main - INFO - Trainer initialized
2025-01-27 10:16:45,909 - main - INFO - Zero-trust controller initialized
2025-01-27 10:16:45,913 - main - INFO - Starting training...
2025-01-27 10:17:35,879 - main - INFO - Logger 'main' initialized with level 20
2025-01-27 10:17:35,880 - main - INFO - Starting CasNet application
2025-01-27 10:17:35,883 - main - INFO - Configuration loaded successfully
2025-01-27 10:17:35,887 - main - INFO - Directory structure created
2025-01-27 10:17:35,891 - main - INFO - Data preprocessor initialized
2025-01-27 10:17:36,179 - main - INFO - Data prepared - Train shape: torch.Size([44155, 13]), Test shape: torch.Size([11039, 13])
2025-01-27 10:17:36,184 - main - INFO - Scaler saved successfully
2025-01-27 10:17:36,238 - main - INFO - Data loaders created successfully
2025-01-27 10:17:36,253 - main - INFO - Model initialized
2025-01-27 10:17:36,256 - main - INFO - Checkpoint manager and visualizer initialized
2025-01-27 10:17:37,141 - main - INFO - Trainer initialized
2025-01-27 10:17:37,143 - main - INFO - Zero-trust controller initialized
2025-01-27 10:17:37,146 - main - INFO - Starting training...
2025-01-27 10:18:19,337 - main - INFO - Logger 'main' initialized with level 20
2025-01-27 10:18:19,338 - main - INFO - Starting CasNet application
2025-01-27 10:18:19,342 - main - INFO - Configuration loaded successfully
2025-01-27 10:18:19,350 - main - INFO - Directory structure created
2025-01-27 10:18:19,355 - main - INFO - Data preprocessor initialized
2025-01-27 10:18:19,650 - main - INFO - Data prepared - Train shape: torch.Size([44155, 13]), Test shape: torch.Size([11039, 13])
2025-01-27 10:18:19,654 - main - INFO - Scaler saved successfully
2025-01-27 10:18:19,707 - main - INFO - Data loaders created successfully
2025-01-27 10:18:19,722 - main - INFO - Model initialized
2025-01-27 10:18:19,724 - main - INFO - Checkpoint manager and visualizer initialized
2025-01-27 10:18:20,617 - main - INFO - Trainer initialized
2025-01-27 10:18:20,618 - main - INFO - Zero-trust controller initialized
2025-01-27 10:18:20,621 - main - INFO - Starting training...
2025-01-27 10:19:03,826 - main - INFO - Logger 'main' initialized with level 20
2025-01-27 10:19:03,826 - main - INFO - Starting CasNet application
2025-01-27 10:19:03,830 - main - INFO - Configuration loaded successfully
2025-01-27 10:19:03,834 - main - INFO - Directory structure created
2025-01-27 10:19:03,838 - main - INFO - Data preprocessor initialized
2025-01-27 10:19:04,127 - main - INFO - Data prepared - Train shape: torch.Size([44155, 13]), Test shape: torch.Size([11039, 13])
2025-01-27 10:19:04,131 - main - INFO - Scaler saved successfully
2025-01-27 10:19:04,192 - main - INFO - Data loaders created successfully
2025-01-27 10:19:04,207 - main - INFO - Model initialized
2025-01-27 10:19:04,209 - main - INFO - Checkpoint manager and visualizer initialized
2025-01-27 10:19:05,173 - main - INFO - Trainer initialized
2025-01-27 10:19:05,174 - main - INFO - Zero-trust controller initialized
2025-01-27 10:19:05,177 - main - INFO - Starting training...
2025-01-27 10:24:00,010 - main - INFO - Logger 'main' initialized with level 20
2025-01-27 10:24:00,011 - main - INFO - Starting CasNet application
2025-01-27 10:24:00,015 - main - INFO - Configuration loaded successfully
2025-01-27 10:24:00,020 - main - INFO - Directory structure created
2025-01-27 10:24:00,025 - main - INFO - Data preprocessor initialized
2025-01-27 10:24:00,355 - main - INFO - Data prepared - Train shape: torch.Size([44155, 13]), Test shape: torch.Size([11039, 13])
2025-01-27 10:24:00,360 - main - INFO - Scaler saved successfully
2025-01-27 10:24:00,424 - main - INFO - Data loaders created successfully
2025-01-27 10:24:00,441 - main - INFO - Model initialized
2025-01-27 10:24:00,443 - main - INFO - Checkpoint manager and visualizer initialized
2025-01-27 10:24:01,342 - main - INFO - Trainer initialized
2025-01-27 10:24:01,343 - main - INFO - Zero-trust controller initialized
2025-01-27 10:24:01,346 - main - INFO - Starting training...
2025-01-27 10:25:44,663 - main - INFO - Logger 'main' initialized with level 20
2025-01-27 10:25:44,663 - main - INFO - Starting CasNet application
2025-01-27 10:25:44,668 - main - INFO - Configuration loaded successfully
2025-01-27 10:25:44,672 - main - INFO - Directory structure created
2025-01-27 10:25:44,676 - main - INFO - Data preprocessor initialized
2025-01-27 10:25:45,003 - main - INFO - Data prepared - Train shape: torch.Size([44155, 13]), Test shape: torch.Size([11039, 13])
2025-01-27 10:25:45,008 - main - INFO - Scaler saved successfully
2025-01-27 10:25:45,069 - main - INFO - Data loaders created successfully
2025-01-27 10:25:45,084 - main - INFO - Model initialized
2025-01-27 10:25:45,087 - main - INFO - Checkpoint manager and visualizer initialized
2025-01-27 10:25:45,987 - main - INFO - Trainer initialized
2025-01-27 10:25:45,988 - main - INFO - Zero-trust controller initialized
2025-01-27 10:25:45,991 - main - INFO - Starting training...
2025-01-27 10:27:40,339 - main - INFO - Logger 'main' initialized with level 20
2025-01-27 10:27:40,339 - main - INFO - Starting CasNet application
2025-01-27 10:27:40,344 - main - INFO - Configuration loaded successfully
2025-01-27 10:27:40,348 - main - INFO - Directory structure created
2025-01-27 10:27:40,352 - main - INFO - Data preprocessor initialized
2025-01-27 10:27:40,979 - main - INFO - Data prepared - Train shape: torch.Size([44155, 13]), Test shape: torch.Size([11039, 13])
2025-01-27 10:27:40,983 - main - INFO - Scaler saved successfully
2025-01-27 10:27:41,074 - main - INFO - Data loaders created successfully
2025-01-27 10:27:41,089 - main - INFO - Model initialized
2025-01-27 10:27:41,093 - main - INFO - Checkpoint manager and visualizer initialized
2025-01-27 10:27:43,170 - main - INFO - Trainer initialized
2025-01-27 10:27:43,171 - main - INFO - Zero-trust controller initialized
2025-01-27 10:27:43,175 - main - INFO - Starting training...
2025-01-27 10:29:21,884 - main - INFO - Logger 'main' initialized with level 20
2025-01-27 10:29:21,884 - main - INFO - Starting CasNet application
2025-01-27 10:29:21,889 - main - INFO - Configuration loaded successfully
2025-01-27 10:29:21,894 - main - INFO - Directory structure created
2025-01-27 10:29:21,899 - main - INFO - Data preprocessor initialized
2025-01-27 10:29:22,441 - main - INFO - Data prepared - Train shape: torch.Size([44155, 13]), Test shape: torch.Size([11039, 13])
2025-01-27 10:29:22,447 - main - INFO - Scaler saved successfully
2025-01-27 10:29:22,533 - main - INFO - Data loaders created successfully
2025-01-27 10:29:22,559 - main - INFO - Model initialized
2025-01-27 10:29:22,562 - main - INFO - Checkpoint manager and visualizer initialized
2025-01-27 10:29:24,757 - main - INFO - Trainer initialized
2025-01-27 10:29:24,758 - main - INFO - Zero-trust controller initialized
2025-01-27 10:29:24,760 - main - INFO - Starting training...
2025-01-27 10:30:15,547 - main - INFO - Logger 'main' initialized with level 20
2025-01-27 10:30:15,547 - main - INFO - Starting CasNet application
2025-01-27 10:30:15,552 - main - INFO - Configuration loaded successfully
2025-01-27 10:30:15,556 - main - INFO - Directory structure created
2025-01-27 10:30:15,560 - main - INFO - Data preprocessor initialized
2025-01-27 10:30:16,079 - main - INFO - Data prepared - Train shape: torch.Size([44155, 13]), Test shape: torch.Size([11039, 13])
2025-01-27 10:30:16,083 - main - INFO - Scaler saved successfully
2025-01-27 10:30:16,183 - main - INFO - Data loaders created successfully
2025-01-27 10:30:16,209 - main - INFO - Model initialized
2025-01-27 10:30:16,213 - main - INFO - Checkpoint manager and visualizer initialized
2025-01-27 10:30:17,791 - main - INFO - Trainer initialized
2025-01-27 10:30:17,792 - main - INFO - Zero-trust controller initialized
2025-01-27 10:30:17,794 - main - INFO - Starting training...
2025-01-27 10:31:27,428 - main - INFO - Logger 'main' initialized with level 20
2025-01-27 10:31:27,428 - main - INFO - Starting CasNet application
2025-01-27 10:31:27,432 - main - INFO - Configuration loaded successfully
2025-01-27 10:31:27,436 - main - INFO - Directory structure created
2025-01-27 10:31:27,440 - main - INFO - Data preprocessor initialized
2025-01-27 10:31:28,038 - main - INFO - Data prepared - Train shape: torch.Size([44155, 13]), Test shape: torch.Size([11039, 13])
2025-01-27 10:31:28,042 - main - INFO - Scaler saved successfully
2025-01-27 10:31:28,102 - main - INFO - Data loaders created successfully
2025-01-27 10:31:28,127 - main - INFO - Model initialized
2025-01-27 10:31:28,129 - main - INFO - Checkpoint manager and visualizer initialized
2025-01-27 10:31:30,058 - main - INFO - Trainer initialized
2025-01-27 10:31:30,059 - main - INFO - Zero-trust controller initialized
2025-01-27 10:31:30,061 - main - INFO - Starting training...
2025-01-27 10:43:52,229 - main - INFO - Training loss: 1.1071
2025-01-27 10:46:25,277 - main - INFO - Logger 'main' initialized with level 20
2025-01-27 10:46:25,278 - main - INFO - Starting CasNet application
2025-01-27 10:46:25,283 - main - INFO - Configuration loaded successfully
2025-01-27 10:46:25,287 - main - INFO - Directory structure created
2025-01-27 10:46:25,291 - main - INFO - Data preprocessor initialized
2025-01-27 10:46:25,650 - main - INFO - Data prepared - Train shape: torch.Size([44155, 13]), Test shape: torch.Size([11039, 13])
2025-01-27 10:46:25,655 - main - INFO - Scaler saved successfully
2025-01-27 10:46:25,984 - main - INFO - Data loaders created successfully
2025-01-27 10:46:26,019 - main - INFO - Model initialized
2025-01-27 10:46:26,023 - main - INFO - Checkpoint manager and visualizer initialized
2025-01-27 10:46:27,831 - main - INFO - Trainer initialized
2025-01-27 10:46:27,832 - main - INFO - Zero-trust controller initialized
2025-01-27 10:46:27,836 - main - INFO - Starting training...
2025-01-27 11:39:00,971 - main - INFO - Training loss: 0.9905
2025-01-27 11:52:02,561 - main - INFO - Validation accuracy: 0.5450
2025-01-27 11:52:02,564 - main - INFO - Updated zero-trust thresholds: γ_q=0.42, τ=0.48
2025-01-27 11:52:02,564 - main - ERROR - Error in epoch 1: 'epoch'
2025-01-27 12:48:27,728 - main - INFO - Training loss: 0.9905
2025-01-27 13:01:57,469 - main - INFO - Validation accuracy: 0.5450
2025-01-27 13:01:57,474 - main - INFO - Updated zero-trust thresholds: γ_q=0.44, τ=0.46
2025-01-27 13:01:57,474 - main - ERROR - Error in epoch 2: 'epoch'
2025-01-28 11:57:55,840 - main - INFO - Training loss: 0.9905
2025-01-28 16:13:11,976 - main - INFO - Validation accuracy: 0.5450
2025-01-28 16:13:11,982 - main - INFO - Updated zero-trust thresholds: γ_q=0.46, τ=0.44
2025-01-28 16:13:11,986 - main - ERROR - Error in epoch 3: 'epoch'
2025-01-28 17:08:41,250 - main - INFO - Training loss: 0.9905
2025-01-28 17:22:01,243 - main - INFO - Validation accuracy: 0.5450
2025-01-28 17:22:01,247 - main - INFO - Updated zero-trust thresholds: γ_q=0.48, τ=0.42
2025-01-28 17:22:01,249 - main - ERROR - Error in epoch 4: 'epoch'
2025-01-28 18:18:40,999 - main - INFO - Training loss: 0.9905
2025-01-28 18:33:08,299 - main - INFO - Validation accuracy: 0.5450
2025-01-28 18:33:08,304 - main - INFO - Updated zero-trust thresholds: γ_q=0.50, τ=0.40
2025-01-28 18:33:08,307 - main - ERROR - Error in epoch 5: 'epoch'
2025-01-29 11:14:01,893 - main - INFO - Training loss: 0.9904
2025-01-29 11:27:57,132 - main - INFO - Validation accuracy: 0.5450
2025-01-29 11:27:57,137 - main - INFO - Updated zero-trust thresholds: γ_q=0.52, τ=0.38
2025-01-29 11:27:57,141 - main - ERROR - Error in epoch 6: 'epoch'
2025-01-29 12:23:25,953 - main - INFO - Training loss: 0.9905
2025-01-29 12:37:27,552 - main - INFO - Validation accuracy: 0.5450
2025-01-29 12:37:27,557 - main - INFO - Updated zero-trust thresholds: γ_q=0.54, τ=0.36
2025-01-29 12:37:27,559 - main - ERROR - Error in epoch 7: 'epoch'
2025-01-29 13:38:30,441 - main - INFO - Training loss: 0.9904
2025-01-30 18:42:31,399 - main - INFO - Validation accuracy: 0.5450
2025-01-30 18:42:31,404 - main - INFO - Updated zero-trust thresholds: γ_q=0.56, τ=0.34
2025-01-30 18:42:31,407 - main - ERROR - Error in epoch 8: 'epoch'
2025-01-31 10:21:37,505 - main - INFO - Training loss: 0.9905
2025-01-31 10:36:07,651 - main - INFO - Validation accuracy: 0.5450
2025-01-31 10:36:07,654 - main - INFO - Updated zero-trust thresholds: γ_q=0.58, τ=0.32
2025-01-31 10:36:07,656 - main - ERROR - Error in epoch 9: 'epoch'
2025-01-31 10:48:19,816 - main - INFO - Logger 'main' initialized with level 20
2025-01-31 10:48:19,817 - main - INFO - Starting CasNet application
2025-01-31 10:48:19,821 - main - INFO - Configuration loaded successfully
2025-01-31 10:48:19,827 - main - INFO - Directory structure created
2025-01-31 10:48:19,833 - main - INFO - Data preprocessor initialized
2025-01-31 10:48:20,232 - main - INFO - Data prepared - Train shape: torch.Size([44155, 13]), Test shape: torch.Size([11039, 13])
2025-01-31 10:48:20,240 - main - INFO - Scaler saved successfully
2025-01-31 10:48:20,570 - main - INFO - Data loaders created successfully
2025-01-31 10:48:20,604 - main - INFO - Model initialized
2025-01-31 10:48:20,608 - main - INFO - Checkpoint manager and visualizer initialized
2025-01-31 10:48:22,389 - main - INFO - Trainer initialized
2025-01-31 10:48:22,390 - main - INFO - Zero-trust controller initialized
2025-01-31 10:48:22,394 - main - INFO - Starting training...
2025-01-31 11:09:08,598 - main - INFO - Training loss: 1.2670
2025-01-31 11:14:42,658 - main - INFO - Validation accuracy: 0.2806
2025-01-31 11:14:42,663 - main - INFO - Updated zero-trust thresholds: γ_q=0.42, τ=0.48
2025-01-31 11:14:42,665 - main - ERROR - Error in epoch 1: 'epoch'
2025-01-31 11:16:56,697 - main - INFO - Logger 'main' initialized with level 20
2025-01-31 11:16:56,698 - main - INFO - Starting CasNet application
2025-01-31 11:16:56,703 - main - INFO - Configuration loaded successfully
2025-01-31 11:16:56,709 - main - INFO - Directory structure created
2025-01-31 11:16:56,714 - main - INFO - Data preprocessor initialized
2025-01-31 11:16:57,118 - main - INFO - Data prepared - Train shape: torch.Size([44155, 13]), Test shape: torch.Size([11039, 13])
2025-01-31 11:16:57,125 - main - INFO - Scaler saved successfully
2025-01-31 11:16:57,219 - main - INFO - Data loaders created successfully
2025-01-31 11:16:57,241 - main - INFO - Model initialized
2025-01-31 11:16:57,244 - main - INFO - Checkpoint manager and visualizer initialized
2025-01-31 11:16:58,578 - main - INFO - Trainer initialized
2025-01-31 11:16:58,578 - main - INFO - Zero-trust controller initialized
2025-01-31 11:16:58,583 - main - INFO - Starting training...
2025-01-31 11:18:42,217 - main - INFO - Logger 'main' initialized with level 20
2025-01-31 11:18:42,218 - main - INFO - Starting CasNet application
2025-01-31 11:18:42,222 - main - INFO - Configuration loaded successfully
2025-01-31 11:18:42,228 - main - INFO - Directory structure created
2025-01-31 11:18:42,233 - main - INFO - Data preprocessor initialized
2025-01-31 11:18:42,608 - main - INFO - Data prepared - Train shape: torch.Size([44155, 13]), Test shape: torch.Size([11039, 13])
2025-01-31 11:18:42,619 - main - INFO - Scaler saved successfully
2025-01-31 11:18:42,712 - main - INFO - Data loaders created successfully
2025-01-31 11:18:42,730 - main - INFO - Model initialized
2025-01-31 11:18:42,733 - main - INFO - Checkpoint manager and visualizer initialized
2025-01-31 11:18:43,875 - main - INFO - Trainer initialized
2025-01-31 11:18:43,876 - main - INFO - Zero-trust controller initialized
2025-01-31 11:18:43,880 - main - INFO - Starting training...
2025-01-31 11:19:09,616 - main - INFO - Logger 'main' initialized with level 20
2025-01-31 11:19:09,616 - main - INFO - Starting CasNet application
2025-01-31 11:19:09,621 - main - INFO - Configuration loaded successfully
2025-01-31 11:19:09,626 - main - INFO - Directory structure created
2025-01-31 11:19:09,631 - main - INFO - Data preprocessor initialized
2025-01-31 11:19:09,741 - main - INFO - Data prepared - Train shape: torch.Size([17448, 13]), Test shape: torch.Size([4363, 13])
2025-01-31 11:19:09,756 - main - INFO - Scaler saved successfully
2025-01-31 11:19:09,850 - main - INFO - Data loaders created successfully
2025-01-31 11:19:09,872 - main - INFO - Model initialized
2025-01-31 11:19:09,876 - main - INFO - Checkpoint manager and visualizer initialized
2025-01-31 11:19:11,035 - main - INFO - Trainer initialized
2025-01-31 11:19:11,036 - main - INFO - Zero-trust controller initialized
2025-01-31 11:19:11,039 - main - INFO - Starting training...
2025-01-31 11:19:58,914 - main - INFO - Logger 'main' initialized with level 20
2025-01-31 11:19:58,914 - main - INFO - Starting CasNet application
2025-01-31 11:19:58,920 - main - INFO - Configuration loaded successfully
2025-01-31 11:19:58,926 - main - INFO - Directory structure created
2025-01-31 11:19:58,930 - main - INFO - Data preprocessor initialized
2025-01-31 11:20:47,309 - main - INFO - Logger 'main' initialized with level 20
2025-01-31 11:20:47,309 - main - INFO - Starting CasNet application
2025-01-31 11:20:47,318 - main - INFO - Configuration loaded successfully
2025-01-31 11:20:47,324 - main - INFO - Directory structure created
2025-01-31 11:20:47,330 - main - INFO - Data preprocessor initialized
2025-01-31 11:20:47,399 - main - INFO - Data prepared - Train shape: torch.Size([100, 13]), Test shape: torch.Size([26, 13])
2025-01-31 11:20:47,407 - main - INFO - Scaler saved successfully
2025-01-31 11:20:47,581 - main - INFO - Data loaders created successfully
2025-01-31 11:20:47,624 - main - INFO - Model initialized
2025-01-31 11:20:47,631 - main - INFO - Checkpoint manager and visualizer initialized
2025-01-31 11:20:49,438 - main - INFO - Trainer initialized
2025-01-31 11:20:49,439 - main - INFO - Zero-trust controller initialized
2025-01-31 11:20:49,445 - main - INFO - Starting training...
2025-01-31 11:20:52,355 - main - INFO - Training loss: 1.2377
2025-01-31 11:20:53,098 - main - INFO - Validation accuracy: 0.2308
2025-01-31 11:20:53,099 - main - INFO - Updated zero-trust thresholds: γ_q=0.42, τ=0.48
2025-01-31 11:20:53,099 - main - ERROR - Error in epoch 1: 'epoch'
2025-01-31 11:20:55,689 - main - INFO - Training loss: 1.2310
2025-01-31 11:20:56,686 - main - INFO - Validation accuracy: 0.2308
2025-01-31 11:20:56,688 - main - INFO - Updated zero-trust thresholds: γ_q=0.44, τ=0.46
2025-01-31 11:20:56,688 - main - ERROR - Error in epoch 2: 'epoch'
2025-01-31 11:23:57,411 - main - INFO - Logger 'main' initialized with level 20
2025-01-31 11:23:57,412 - main - INFO - Starting CasNet application
2025-01-31 11:23:57,416 - main - INFO - Configuration loaded successfully
2025-01-31 11:23:57,424 - main - INFO - Directory structure created
2025-01-31 11:23:57,428 - main - INFO - Data preprocessor initialized
2025-01-31 11:23:57,512 - main - INFO - Data prepared - Train shape: torch.Size([100, 13]), Test shape: torch.Size([26, 13])
2025-01-31 11:23:57,519 - main - INFO - Scaler saved successfully
2025-01-31 11:23:57,608 - main - INFO - Data loaders created successfully
2025-01-31 11:23:57,628 - main - INFO - Model initialized
2025-01-31 11:23:57,632 - main - INFO - Checkpoint manager and visualizer initialized
2025-01-31 11:23:59,071 - main - INFO - Trainer initialized
2025-01-31 11:23:59,072 - main - INFO - Zero-trust controller initialized
2025-01-31 11:23:59,076 - main - INFO - Starting training...
2025-01-31 11:24:01,827 - main - INFO - Training loss: 1.2257
2025-01-31 11:24:02,657 - main - INFO - Validation accuracy: 0.2692
2025-01-31 11:24:02,658 - main - INFO - Updated zero-trust thresholds: γ_q=0.42, τ=0.48
2025-01-31 11:24:02,658 - main - ERROR - Error in epoch 1: 'epoch'
2025-01-31 11:26:56,794 - main - INFO - Logger 'main' initialized with level 20
2025-01-31 11:26:56,794 - main - INFO - Starting CasNet application
2025-01-31 11:26:56,798 - main - INFO - Configuration loaded successfully
2025-01-31 11:26:56,802 - main - INFO - Directory structure created
2025-01-31 11:26:56,811 - main - INFO - Data preprocessor initialized
2025-01-31 11:26:56,860 - main - INFO - Data prepared - Train shape: torch.Size([100, 13]), Test shape: torch.Size([26, 13])
2025-01-31 11:26:56,867 - main - INFO - Scaler saved successfully
2025-01-31 11:26:56,959 - main - INFO - Data loaders created successfully
2025-01-31 11:36:22,438 - main - INFO - Logger 'main' initialized with level 20
2025-01-31 11:36:22,439 - main - INFO - Starting CasNet application
2025-01-31 11:36:22,446 - main - INFO - Configuration loaded successfully
2025-01-31 11:36:22,490 - main - INFO - Data prepared - Train shape: torch.Size([100, 13]), Test shape: torch.Size([26, 13])
2025-01-31 11:36:22,495 - main - INFO - Scaler saved successfully
2025-01-31 11:36:22,568 - main - INFO - Data loaders created successfully
2025-01-31 11:36:22,586 - main - INFO - Model initialized successfully
2025-01-31 11:36:23,566 - main - INFO - Trainer initialized successfully
2025-01-31 11:36:23,567 - main - ERROR - Fatal error in main execution: 'gamma_init'
Traceback (most recent call last):
  File "/mnt/c/Users/ibnfa/Documents/GitHub/quatum_anomaly/src/main.py", line 183, in main
    gamma_init=config['gamma_init'],
KeyError: 'gamma_init'
2025-01-31 11:38:17,420 - main - INFO - Logger 'main' initialized with level 20
2025-01-31 11:38:17,420 - main - INFO - Starting CasNet application
2025-01-31 11:38:17,429 - main - INFO - Configuration loaded successfully
2025-01-31 11:38:17,473 - main - INFO - Data prepared - Train shape: torch.Size([100, 13]), Test shape: torch.Size([26, 13])
2025-01-31 11:38:17,479 - main - INFO - Scaler saved successfully
2025-01-31 11:38:17,543 - main - INFO - Data loaders created successfully
2025-01-31 11:38:17,560 - main - INFO - Model initialized successfully
2025-01-31 11:38:18,517 - main - INFO - Trainer initialized successfully
2025-01-31 11:38:18,517 - main - INFO - Zero-Trust controller initialized successfully
2025-01-31 11:38:18,517 - main - ERROR - Fatal error in main execution: 'training'
Traceback (most recent call last):
  File "/mnt/c/Users/ibnfa/Documents/GitHub/quatum_anomaly/src/main.py", line 190, in main
    train(
  File "/mnt/c/Users/ibnfa/Documents/GitHub/quatum_anomaly/src/main.py", line 45, in train
    num_epochs = config['training']['num_epochs']
KeyError: 'training'
2025-01-31 11:39:47,119 - main - INFO - Logger 'main' initialized with level 20
2025-01-31 11:39:47,120 - main - INFO - Starting CasNet application
2025-01-31 11:39:47,128 - main - INFO - Configuration loaded successfully
2025-01-31 11:39:47,168 - main - INFO - Data prepared - Train shape: torch.Size([100, 13]), Test shape: torch.Size([26, 13])
2025-01-31 11:39:47,174 - main - INFO - Scaler saved successfully
2025-01-31 11:39:47,229 - main - INFO - Data loaders created successfully
2025-01-31 11:39:47,245 - main - INFO - Model initialized successfully
2025-01-31 11:39:48,212 - main - INFO - Trainer initialized successfully
2025-01-31 11:39:48,212 - main - INFO - Zero-Trust controller initialized successfully
2025-01-31 11:39:48,213 - main - INFO - 
Starting Epoch 1/12
2025-01-31 11:39:50,951 - main - INFO - Zero-Trust thresholds updated:
  gamma_q: 0.500 -> 0.450
  tau: 0.500 -> 0.460
2025-01-31 11:39:50,980 - main - INFO - Epoch 1/12 Results:
  Loss: 1.2077
  Accuracy: 0.4231
  TPR: 0.0000
  FPR: 0.4000
  Zero-Trust γ_q: 0.4500
  Zero-Trust τ: 0.4600
2025-01-31 11:39:50,980 - main - INFO - 
Starting Epoch 2/12
2025-01-31 11:39:53,590 - main - INFO - Zero-Trust thresholds updated:
  gamma_q: 0.450 -> 0.400
  tau: 0.460 -> 0.420
2025-01-31 11:39:53,599 - main - INFO - Epoch 2/12 Results:
  Loss: 1.1996
  Accuracy: 0.4231
  TPR: 0.0000
  FPR: 0.4000
  Zero-Trust γ_q: 0.4000
  Zero-Trust τ: 0.4200
2025-01-31 11:39:53,599 - main - INFO - 
Starting Epoch 3/12
2025-01-31 11:39:56,279 - main - INFO - Zero-Trust thresholds updated:
  gamma_q: 0.400 -> 0.350
  tau: 0.420 -> 0.380
2025-01-31 11:39:56,290 - main - INFO - Epoch 3/12 Results:
  Loss: 1.1690
  Accuracy: 0.4231
  TPR: 0.0000
  FPR: 0.4000
  Zero-Trust γ_q: 0.3500
  Zero-Trust τ: 0.3800
2025-01-31 11:39:56,290 - main - INFO - 
Starting Epoch 4/12
2025-01-31 11:39:58,952 - main - INFO - Zero-Trust thresholds updated:
  gamma_q: 0.350 -> 0.300
  tau: 0.380 -> 0.340
2025-01-31 11:39:58,979 - main - INFO - Epoch 4/12 Results:
  Loss: 1.1962
  Accuracy: 0.4231
  TPR: 0.0000
  FPR: 0.4000
  Zero-Trust γ_q: 0.3000
  Zero-Trust τ: 0.3400
2025-01-31 11:39:58,979 - main - INFO - 
Starting Epoch 5/12
2025-01-31 11:40:01,732 - main - INFO - Zero-Trust thresholds updated:
  gamma_q: 0.300 -> 0.300
  tau: 0.340 -> 0.300
2025-01-31 11:40:01,742 - main - INFO - Epoch 5/12 Results:
  Loss: 1.2047
  Accuracy: 0.4231
  TPR: 0.0000
  FPR: 0.4000
  Zero-Trust γ_q: 0.3000
  Zero-Trust τ: 0.3000
2025-01-31 11:40:01,742 - main - INFO - 
Starting Epoch 6/12
2025-01-31 11:40:04,518 - main - INFO - Zero-Trust thresholds updated:
  gamma_q: 0.300 -> 0.300
  tau: 0.300 -> 0.260
2025-01-31 11:40:04,530 - main - INFO - Epoch 6/12 Results:
  Loss: 1.1779
  Accuracy: 0.4231
  TPR: 0.0000
  FPR: 0.4000
  Zero-Trust γ_q: 0.3000
  Zero-Trust τ: 0.2600
2025-01-31 11:40:04,531 - main - INFO - 
Starting Epoch 7/12
2025-01-31 11:40:07,198 - main - INFO - Zero-Trust thresholds updated:
  gamma_q: 0.300 -> 0.300
  tau: 0.260 -> 0.220
2025-01-31 11:40:07,209 - main - INFO - Epoch 7/12 Results:
  Loss: 1.1869
  Accuracy: 0.4231
  TPR: 0.0000
  FPR: 0.4000
  Zero-Trust γ_q: 0.3000
  Zero-Trust τ: 0.2200
2025-01-31 11:40:07,209 - main - INFO - 
Starting Epoch 8/12
2025-01-31 11:40:09,897 - main - INFO - Zero-Trust thresholds updated:
  gamma_q: 0.300 -> 0.300
  tau: 0.220 -> 0.200
2025-01-31 11:40:09,906 - main - INFO - Epoch 8/12 Results:
  Loss: 1.2379
  Accuracy: 0.4231
  TPR: 0.0000
  FPR: 0.4000
  Zero-Trust γ_q: 0.3000
  Zero-Trust τ: 0.2000
2025-01-31 11:40:09,906 - main - INFO - 
Starting Epoch 9/12
2025-01-31 11:40:12,564 - main - INFO - Zero-Trust thresholds updated:
  gamma_q: 0.300 -> 0.300
  tau: 0.200 -> 0.200
2025-01-31 11:40:12,577 - main - INFO - Epoch 9/12 Results:
  Loss: 1.2130
  Accuracy: 0.4231
  TPR: 0.0000
  FPR: 0.4000
  Zero-Trust γ_q: 0.3000
  Zero-Trust τ: 0.2000
2025-01-31 11:40:12,577 - main - INFO - 
Starting Epoch 10/12
2025-01-31 11:40:15,220 - main - INFO - Zero-Trust thresholds updated:
  gamma_q: 0.300 -> 0.300
  tau: 0.200 -> 0.200
2025-01-31 11:40:15,230 - main - INFO - Epoch 10/12 Results:
  Loss: 1.1804
  Accuracy: 0.4231
  TPR: 0.0000
  FPR: 0.4000
  Zero-Trust γ_q: 0.3000
  Zero-Trust τ: 0.2000
2025-01-31 11:40:15,230 - main - INFO - 
Starting Epoch 11/12
2025-01-31 11:40:17,865 - main - INFO - Zero-Trust thresholds updated:
  gamma_q: 0.300 -> 0.300
  tau: 0.200 -> 0.200
2025-01-31 11:40:17,875 - main - INFO - Epoch 11/12 Results:
  Loss: 1.2098
  Accuracy: 0.4231
  TPR: 0.0000
  FPR: 0.4000
  Zero-Trust γ_q: 0.3000
  Zero-Trust τ: 0.2000
2025-01-31 11:40:17,876 - main - INFO - 
Starting Epoch 12/12
2025-01-31 11:40:20,658 - main - INFO - Zero-Trust thresholds updated:
  gamma_q: 0.300 -> 0.300
  tau: 0.200 -> 0.200
2025-01-31 11:40:20,668 - main - INFO - Epoch 12/12 Results:
  Loss: 1.2145
  Accuracy: 0.4231
  TPR: 0.0000
  FPR: 0.4000
  Zero-Trust γ_q: 0.3000
  Zero-Trust τ: 0.2000
2025-01-31 11:40:20,668 - main - INFO - Training completed successfully!
2025-01-31 11:49:54,686 - main - INFO - Logger 'main' initialized with level 20
2025-01-31 11:49:54,686 - main - INFO - Starting CasNet application
2025-01-31 11:49:54,693 - main - INFO - Configuration loaded successfully
2025-01-31 11:49:54,735 - main - INFO - Data prepared - Train shape: torch.Size([100, 13]), Test shape: torch.Size([26, 13])
2025-01-31 11:49:54,740 - main - INFO - Scaler saved successfully
2025-01-31 11:49:54,788 - main - INFO - Data loaders created successfully
2025-01-31 11:49:54,803 - main - INFO - Model initialized successfully
2025-01-31 11:49:55,697 - main - INFO - Trainer initialized successfully
2025-01-31 11:49:55,697 - main - INFO - Zero-Trust controller initialized successfully
2025-01-31 11:49:55,699 - main - INFO - 
Starting Epoch 1/2
2025-01-31 11:49:58,040 - main - ERROR - Error in epoch 1: 'CasNet2024Dataset' object has no attribute 'targets'
Traceback (most recent call last):
  File "/mnt/c/Users/ibnfa/Documents/GitHub/quatum_anomaly/src/main.py", line 70, in train
    'val_loss': trainer.criterion(predictions, val_loader.dataset.targets).item(),
AttributeError: 'CasNet2024Dataset' object has no attribute 'targets'
2025-01-31 11:49:58,042 - main - INFO - 
Starting Epoch 2/2
2025-01-31 11:50:00,280 - main - ERROR - Error in epoch 2: 'CasNet2024Dataset' object has no attribute 'targets'
Traceback (most recent call last):
  File "/mnt/c/Users/ibnfa/Documents/GitHub/quatum_anomaly/src/main.py", line 70, in train
    'val_loss': trainer.criterion(predictions, val_loader.dataset.targets).item(),
AttributeError: 'CasNet2024Dataset' object has no attribute 'targets'
2025-01-31 11:50:00,282 - main - INFO - Generating final performance report...
2025-01-31 11:50:00,875 - main - INFO - Training completed successfully!
2025-01-31 11:51:12,373 - main - INFO - Logger 'main' initialized with level 20
2025-01-31 11:51:12,373 - main - INFO - Starting CasNet application
2025-01-31 11:51:12,381 - main - INFO - Configuration loaded successfully
2025-01-31 11:51:12,424 - main - INFO - Data prepared - Train shape: torch.Size([100, 13]), Test shape: torch.Size([26, 13])
2025-01-31 11:51:12,430 - main - INFO - Scaler saved successfully
2025-01-31 11:51:12,485 - main - INFO - Data loaders created successfully
2025-01-31 11:51:12,500 - main - INFO - Model initialized successfully
2025-01-31 11:51:13,429 - main - INFO - Trainer initialized successfully
2025-01-31 11:51:13,430 - main - INFO - Zero-Trust controller initialized successfully
2025-01-31 11:51:13,432 - main - INFO - 
Starting Epoch 1/2
2025-01-31 11:51:16,288 - main - INFO - Epoch 1/2 Results:
  Loss: 1.0741
  Validation Accuracy: 0.4231
  TPR: 0.0000
  FPR: 0.4000
  Time: 2.39s
2025-01-31 11:51:16,289 - main - INFO - 
Starting Epoch 2/2
2025-01-31 11:51:19,053 - main - INFO - Epoch 2/2 Results:
  Loss: 1.0395
  Validation Accuracy: 0.4231
  TPR: 0.0000
  FPR: 0.4000
  Time: 2.29s
2025-01-31 11:51:19,054 - main - INFO - Generating final performance report...
2025-01-31 11:51:19,634 - main - INFO - Training completed successfully!
2025-01-31 11:52:36,017 - main - INFO - Logger 'main' initialized with level 20
2025-01-31 11:52:36,017 - main - INFO - Starting CasNet application
2025-01-31 11:52:36,025 - main - INFO - Configuration loaded successfully
2025-01-31 11:52:36,067 - main - INFO - Data prepared - Train shape: torch.Size([100, 13]), Test shape: torch.Size([26, 13])
2025-01-31 11:52:36,073 - main - INFO - Scaler saved successfully
2025-01-31 11:52:36,122 - main - INFO - Data loaders created successfully
2025-01-31 11:52:36,137 - main - INFO - Model initialized successfully
2025-01-31 11:52:36,994 - main - INFO - Trainer initialized successfully
2025-01-31 11:52:36,995 - main - INFO - Zero-Trust controller initialized successfully
2025-01-31 11:52:36,997 - main - INFO - 
Starting Epoch 1/2
2025-01-31 11:52:39,907 - main - INFO - Epoch 1/2 Results:
  Loss: 1.1298
  Validation Accuracy: 0.4231
  TPR: 0.0000
  FPR: 0.2800
  Time: 2.44s
2025-01-31 11:52:39,907 - main - INFO - 
Starting Epoch 2/2
2025-01-31 11:52:42,554 - main - INFO - Epoch 2/2 Results:
  Loss: 1.1351
  Validation Accuracy: 0.4231
  TPR: 0.0000
  FPR: 0.2800
  Time: 2.20s
2025-01-31 11:52:42,555 - main - INFO - Generating final performance report...
2025-01-31 11:52:43,162 - main - INFO - Training completed successfully!
2025-01-31 11:55:09,925 - main - INFO - Logger 'main' initialized with level 20
2025-01-31 11:55:09,926 - main - INFO - Starting CasNet application
2025-01-31 11:55:09,933 - main - INFO - Configuration loaded successfully
2025-01-31 11:55:09,972 - main - INFO - Data prepared - Train shape: torch.Size([100, 13]), Test shape: torch.Size([26, 13])
2025-01-31 11:55:09,978 - main - INFO - Scaler saved successfully
2025-01-31 11:55:10,036 - main - INFO - Data loaders created successfully
2025-01-31 11:55:10,050 - main - INFO - Model initialized successfully
2025-01-31 11:55:10,939 - main - INFO - Trainer initialized successfully
2025-01-31 11:55:10,939 - main - INFO - Zero-Trust controller initialized successfully
2025-01-31 11:55:10,942 - main - INFO - 
Starting Epoch 1/2
2025-01-31 11:55:13,799 - main - INFO - Epoch 1/2 Results:
  Loss: 1.1338
  Validation Accuracy: 0.3462
  TPR: 0.0000
  FPR: 0.4400
  Time: 2.38s
2025-01-31 11:55:13,799 - main - INFO - 
Starting Epoch 2/2
2025-01-31 11:55:16,458 - main - INFO - Epoch 2/2 Results:
  Loss: 1.1483
  Validation Accuracy: 0.3462
  TPR: 0.0000
  FPR: 0.4400
  Time: 2.21s
2025-01-31 11:55:16,458 - main - INFO - Generating final performance report...
2025-01-31 11:55:17,074 - main - INFO - Training completed successfully!
2025-01-31 11:56:56,969 - main - INFO - Logger 'main' initialized with level 20
2025-01-31 11:56:56,969 - main - INFO - Starting CasNet application
2025-01-31 11:56:56,976 - main - INFO - Configuration loaded successfully
2025-01-31 11:56:57,017 - main - INFO - Data prepared - Train shape: torch.Size([100, 13]), Test shape: torch.Size([26, 13])
2025-01-31 11:56:57,023 - main - INFO - Scaler saved successfully
2025-01-31 11:56:57,082 - main - INFO - Data loaders created successfully
2025-01-31 11:56:57,098 - main - INFO - Model initialized successfully
2025-01-31 11:56:57,994 - main - INFO - Trainer initialized successfully
2025-01-31 11:56:57,994 - main - INFO - Zero-Trust controller initialized successfully
2025-01-31 11:56:57,996 - main - INFO - 
Starting Epoch 1/2
2025-01-31 11:57:00,798 - main - INFO - Epoch 1/2 Results:
  Loss: 1.1293
  Validation Accuracy: 0.4231
  TPR: 0.0000
  FPR: 0.4400
  Time: 2.34s
2025-01-31 11:57:00,799 - main - INFO - 
Starting Epoch 2/2
2025-01-31 11:57:03,480 - main - INFO - Epoch 2/2 Results:
  Loss: 1.1773
  Validation Accuracy: 0.4231
  TPR: 0.0000
  FPR: 0.4400
  Time: 2.21s
2025-01-31 11:57:03,481 - main - INFO - Generating final performance report...
2025-01-31 11:57:04,085 - main - INFO - Training completed successfully!
2025-01-31 11:58:35,054 - main - INFO - Logger 'main' initialized with level 20
2025-01-31 11:58:35,055 - main - INFO - Starting CasNet application
2025-01-31 11:58:35,062 - main - INFO - Configuration loaded successfully
2025-01-31 11:58:35,101 - main - INFO - Data prepared - Train shape: torch.Size([100, 13]), Test shape: torch.Size([26, 13])
2025-01-31 11:58:35,107 - main - INFO - Scaler saved successfully
2025-01-31 11:58:35,164 - main - INFO - Data loaders created successfully
2025-01-31 11:58:35,181 - main - INFO - Model initialized successfully
2025-01-31 11:58:36,050 - main - INFO - Trainer initialized successfully
2025-01-31 11:58:36,051 - main - INFO - Zero-Trust controller initialized successfully
2025-01-31 11:58:36,054 - main - INFO - 
Starting Epoch 1/2
2025-01-31 11:58:38,955 - main - INFO - Epoch 1/2 Results:
  Loss: 1.2389
  Validation Accuracy: 0.4231
  TPR: 0.0000
  FPR: 0.4000
  Time: 2.43s
2025-01-31 11:58:38,955 - main - INFO - 
Starting Epoch 2/2
2025-01-31 11:58:41,656 - main - INFO - Epoch 2/2 Results:
  Loss: 1.2174
  Validation Accuracy: 0.4231
  TPR: 0.0000
  FPR: 0.4000
  Time: 2.23s
2025-01-31 11:58:41,657 - main - INFO - Generating final performance report...
2025-01-31 11:58:42,250 - main - INFO - Training completed successfully!
2025-01-31 11:59:13,535 - main - INFO - Logger 'main' initialized with level 20
2025-01-31 11:59:13,535 - main - INFO - Starting CasNet application
2025-01-31 11:59:13,542 - main - INFO - Configuration loaded successfully
2025-01-31 11:59:13,582 - main - INFO - Data prepared - Train shape: torch.Size([100, 13]), Test shape: torch.Size([26, 13])
2025-01-31 11:59:13,588 - main - INFO - Scaler saved successfully
2025-01-31 11:59:13,637 - main - INFO - Data loaders created successfully
2025-01-31 11:59:13,652 - main - INFO - Model initialized successfully
2025-01-31 11:59:14,494 - main - INFO - Trainer initialized successfully
2025-01-31 11:59:14,494 - main - INFO - Zero-Trust controller initialized successfully
2025-01-31 11:59:14,498 - main - INFO - 
Starting Epoch 1/2
2025-01-31 11:59:17,231 - main - INFO - Epoch 1/2 Results:
  Loss: 1.4092
  Validation Accuracy: 0.2308
  TPR: 0.0000
  FPR: 0.1200
  Time: 2.29s
2025-01-31 11:59:17,231 - main - INFO - 
Starting Epoch 2/2
2025-01-31 11:59:19,909 - main - INFO - Epoch 2/2 Results:
  Loss: 1.4262
  Validation Accuracy: 0.2308
  TPR: 0.0000
  FPR: 0.1200
  Time: 2.23s
2025-01-31 11:59:19,909 - main - INFO - Generating final performance report...
2025-01-31 11:59:20,515 - main - INFO - Training completed successfully!
2025-01-31 12:00:04,226 - main - INFO - Logger 'main' initialized with level 20
2025-01-31 12:00:04,226 - main - INFO - Starting CasNet application
2025-01-31 12:00:04,233 - main - INFO - Configuration loaded successfully
2025-01-31 12:00:04,273 - main - INFO - Data prepared - Train shape: torch.Size([100, 13]), Test shape: torch.Size([26, 13])
2025-01-31 12:00:04,280 - main - INFO - Scaler saved successfully
2025-01-31 12:00:04,332 - main - INFO - Data loaders created successfully
2025-01-31 12:00:04,348 - main - INFO - Model initialized successfully
2025-01-31 12:00:05,230 - main - INFO - Trainer initialized successfully
2025-01-31 12:00:05,231 - main - INFO - Zero-Trust controller initialized successfully
2025-01-31 12:00:05,234 - main - INFO - Performance analyzer will save plots to: /mnt/c/Users/ibnfa/Documents/GitHub/quatum_anomaly/src/plots
2025-01-31 12:00:05,235 - main - INFO - 
Starting Epoch 1/2
2025-01-31 12:00:08,003 - main - INFO - Epoch 1/2 Results:
  Loss: 1.5798
  Validation Accuracy: 0.2308
  TPR: 0.0000
  FPR: 0.2400
  Time: 2.32s
2025-01-31 12:00:08,003 - main - INFO - 
Starting Epoch 2/2
2025-01-31 12:00:10,657 - main - INFO - Epoch 2/2 Results:
  Loss: 1.6089
  Validation Accuracy: 0.2308
  TPR: 0.0000
  FPR: 0.2400
  Time: 2.21s
2025-01-31 12:00:10,657 - main - INFO - Generating final performance report and plots...
2025-01-31 12:00:11,266 - main - INFO - Training completed successfully!
2025-01-31 12:00:50,316 - main - INFO - Logger 'main' initialized with level 20
2025-01-31 12:00:50,316 - main - INFO - Starting CasNet application
2025-01-31 12:00:50,324 - main - INFO - Configuration loaded successfully
2025-01-31 12:00:50,367 - main - INFO - Data prepared - Train shape: torch.Size([100, 13]), Test shape: torch.Size([26, 13])
2025-01-31 12:00:50,373 - main - INFO - Scaler saved successfully
2025-01-31 12:00:50,429 - main - INFO - Data loaders created successfully
2025-01-31 12:00:50,444 - main - INFO - Model initialized successfully
2025-01-31 12:00:51,350 - main - INFO - Trainer initialized successfully
2025-01-31 12:00:51,350 - main - INFO - Zero-Trust controller initialized successfully
2025-01-31 12:00:51,354 - main - INFO - Performance analyzer will save plots to: /mnt/c/Users/ibnfa/Documents/GitHub/quatum_anomaly/src/plots
2025-01-31 12:00:51,354 - main - INFO - 
Starting Epoch 1/2
2025-01-31 12:00:54,140 - main - INFO - Epoch 1/2 Results:
  Loss: 1.2626
  Validation Accuracy: 0.3846
  TPR: 0.0000
  FPR: 0.3600
  Time: 2.31s
2025-01-31 12:00:54,141 - main - INFO - 
Starting Epoch 2/2
2025-01-31 12:00:56,821 - main - INFO - Epoch 2/2 Results:
  Loss: 1.2448
  Validation Accuracy: 0.3846
  TPR: 0.0000
  FPR: 0.3600
  Time: 2.22s
2025-01-31 12:00:56,821 - main - INFO - Generating final performance report and plots...
2025-01-31 12:00:57,433 - main - INFO - Plots have been saved to: /mnt/c/Users/ibnfa/Documents/GitHub/quatum_anomaly/src/plots
2025-01-31 12:00:57,433 - main - INFO - Training completed successfully!
2025-01-31 12:02:00,597 - main - INFO - Logger 'main' initialized with level 20
2025-01-31 12:02:00,597 - main - INFO - Starting CasNet application
2025-01-31 12:02:00,604 - main - INFO - Configuration loaded successfully
2025-01-31 12:02:00,645 - main - INFO - Data prepared - Train shape: torch.Size([100, 13]), Test shape: torch.Size([26, 13])
2025-01-31 12:02:00,653 - main - INFO - Scaler saved successfully
2025-01-31 12:02:00,717 - main - INFO - Data loaders created successfully
2025-01-31 12:02:00,732 - main - INFO - Model initialized successfully
2025-01-31 12:02:01,617 - main - INFO - Trainer initialized successfully
2025-01-31 12:02:01,618 - main - INFO - Zero-Trust controller initialized successfully
2025-01-31 12:02:01,623 - main - INFO - Performance analyzer initialized. Plots will be saved to: /mnt/c/Users/ibnfa/Documents/GitHub/quatum_anomaly/src/plots
2025-01-31 12:02:01,623 - main - INFO - 
Starting Epoch 1/2
2025-01-31 12:02:04,394 - main - INFO - Generating plots...
2025-01-31 12:02:05,079 - main - INFO - Plots updated in: /mnt/c/Users/ibnfa/Documents/GitHub/quatum_anomaly/src/plots
2025-01-31 12:02:05,080 - main - INFO - Epoch 1/2 Results:
  Loss: 1.1759
  Validation Accuracy: 0.3077
  TPR: 1.0000
  FPR: 0.4000
  Time: 2.31s
2025-01-31 12:02:05,080 - main - INFO - 
Starting Epoch 2/2
2025-01-31 12:02:07,734 - main - INFO - Generating plots...
2025-01-31 12:02:08,431 - main - INFO - Plots updated in: /mnt/c/Users/ibnfa/Documents/GitHub/quatum_anomaly/src/plots
2025-01-31 12:02:08,432 - main - INFO - Epoch 2/2 Results:
  Loss: 1.1743
  Validation Accuracy: 0.3077
  TPR: 1.0000
  FPR: 0.4000
  Time: 2.19s
2025-01-31 12:02:08,432 - main - INFO - 
Training completed. Generating final plots and report...
2025-01-31 12:02:09,785 - main - INFO - 
Generated plot files:
2025-01-31 12:02:09,789 - main - INFO - - /mnt/c/Users/ibnfa/Documents/GitHub/quatum_anomaly/src/plots/gradient_norms.png
2025-01-31 12:02:09,789 - main - INFO - - /mnt/c/Users/ibnfa/Documents/GitHub/quatum_anomaly/src/plots/resource_usage.png
2025-01-31 12:02:09,790 - main - INFO - - /mnt/c/Users/ibnfa/Documents/GitHub/quatum_anomaly/src/plots/training_curves.png
2025-01-31 12:02:09,790 - main - INFO - - /mnt/c/Users/ibnfa/Documents/GitHub/quatum_anomaly/src/plots/weight_dist_epoch_1.png
2025-01-31 12:02:09,790 - main - INFO - - /mnt/c/Users/ibnfa/Documents/GitHub/quatum_anomaly/src/plots/weight_dist_epoch_2.png
2025-01-31 12:02:09,791 - main - INFO - Training completed successfully!
